#
# A fatal error has been detected by the Java Runtime Environment:
#
#  EXCEPTION_ACCESS_VIOLATION (0xc0000005) at pc=0x000007fef7f266ba, pid=4608, tid=2356
#
# JRE version: Java(TM) SE Runtime Environment (8.0_45-b14) (build 1.8.0_45-b14)
# Java VM: Java HotSpot(TM) 64-Bit Server VM (25.45-b02 mixed mode windows-amd64 compressed oops)
# Problematic frame:
# C  [glfw.dll+0x66ba]
#
# Failed to write core dump. Minidumps are not enabled by default on client versions of Windows
#
# If you would like to submit a bug report, please visit:
#   http://bugreport.java.com/bugreport/crash.jsp
# The crash happened outside the Java Virtual Machine in native code.
# See problematic frame for where to report the bug.
#

---------------  T H R E A D  ---------------

Current thread (0x0000000001cfe000):  JavaThread "main" [_thread_in_native, id=2356, stack(0x0000000002040000,0x0000000002140000)]

siginfo: ExceptionCode=0xc0000005, reading address 0x0000000000034009

Registers:
RAX=0x000000000061060c, RBX=0x00000000004d8080, RCX=0x0000000077448bca, RDX=0x0000000000000000
RSP=0x000000000213f1c0, RBP=0x000000000213f2b8, RSI=0x0000000000034001, RDI=0x0000000000034001
R8 =0x000000000213f1b8, R9 =0x000000000213f2b8, R10=0x0000000000000000, R11=0x0000000000000202
R12=0x0000000000000000, R13=0x0000000056a053c0, R14=0x000000000213f300, R15=0x0000000001cfe000
RIP=0x000007fef7f266ba, EFLAGS=0x0000000000010202

Top of Stack: (sp=0x000000000213f1c0)
0x000000000213f1c0:   0000000080000000 0000000000000000
0x000000000213f1d0:   0000000000000000 0000000000000000
0x000000000213f1e0:   00000000004d8080 000007fef7f22924
0x000000000213f1f0:   000001db00000229 0000000000034001
0x000000000213f200:   cafebabecafebabe 0000000000000000
0x000000000213f210:   0000000000002288 0000000002425e14
0x000000000213f220:   0000000056a053c0 0000000077666b81
0x000000000213f230:   00000000004a9d40 00000000004d38a0
0x000000000213f240:   0000000000034001 0000000000000000
0x000000000213f250:   0000000001cfe000 000000000213f520
0x000000000213f260:   0000000000000000 000000005fb26dc0
0x000000000213f270:   0000000001cfe000 000000000213f278
0x000000000213f280:   0000000000000000 000000000213f300
0x000000000213f290:   0000000056a05688 0000000000000000
0x000000000213f2a0:   0000000056a053c0 0000000000000000
0x000000000213f2b0:   000000000213f310 000000000213f620 

Instructions: (pc=0x000007fef7f266ba)
0x000007fef7f2669a:   8c 01 00 85 c0 74 44 48 8b 4c 24 30 ff 15 5c 8c
0x000007fef7f266aa:   01 00 48 3b 83 a8 02 00 00 75 30 48 85 ff 74 15
0x000007fef7f266ba:   48 8b 4f 08 ff 15 6c 8c 01 00 48 8b 5c 24 38 48
0x000007fef7f266ca:   83 c4 20 5f c3 ba 00 7f 00 00 33 c9 ff 15 0c 8c 


Register to memory mapping:

RAX=0x000000000061060c is an unknown value
RBX=0x00000000004d8080 is an unknown value
RCX=0x0000000077448bca is an unknown value
RDX=0x0000000000000000 is an unknown value
RSP=0x000000000213f1c0 is pointing into the stack for thread: 0x0000000001cfe000
RBP=0x000000000213f2b8 is pointing into the stack for thread: 0x0000000001cfe000
RSI=0x0000000000034001 is an unknown value
RDI=0x0000000000034001 is an unknown value
R8 =0x000000000213f1b8 is pointing into the stack for thread: 0x0000000001cfe000
R9 =0x000000000213f2b8 is pointing into the stack for thread: 0x0000000001cfe000
R10=0x0000000000000000 is an unknown value
R11=0x0000000000000202 is an unknown value
R12=0x0000000000000000 is an unknown value
R13={method} {0x0000000056a053c8} 'invokePPV' '(JJJ)V' in 'org/lwjgl/system/JNI'
R14=0x000000000213f300 is pointing into the stack for thread: 0x0000000001cfe000
R15=0x0000000001cfe000 is a thread


Stack: [0x0000000002040000,0x0000000002140000],  sp=0x000000000213f1c0,  free space=1020k
Native frames: (J=compiled Java code, j=interpreted, Vv=VM code, C=native code)
C  [glfw.dll+0x66ba]
C  [glfw.dll+0x2924]
C  0x0000000002425e14

Java frames: (J=compiled Java code, j=interpreted, Vv=VM code)
j  org.lwjgl.system.JNI.invokePPV(JJJ)V+0
J 600 C1 fi.jmak.project.main.GameCam.tick(Lfi/jmak/input/Keyboard;Lfi/jmak/input/Mouse;F)V (392 bytes) @ 0x00000000026a177c [0x000000000269d1e0+0x459c]
J 599 C1 fi.jmak.project.main.Main.tick(F)V (61 bytes) @ 0x000000000269383c [0x0000000002693780+0xbc]
j  fi.jmak.window.GLWindow.loop()V+51
j  fi.jmak.window.GLWindow.init()V+107
j  fi.jmak.window.GLWindow.init(Lfi/jmak/window/GLRender;Lfi/jmak/window/WindowHints;)V+11
j  fi.jmak.project.main.Main.<init>()V+38
j  fi.jmak.project.main.Main.main([Ljava/lang/String;)V+3
v  ~StubRoutines::call_stub

---------------  P R O C E S S  ---------------

Java Threads: ( => current thread )
  0x000000005c80d000 JavaThread "AWT-Windows" daemon [_thread_in_native, id=4592, stack(0x000000005d5a0000,0x000000005d6a0000)]
  0x000000005c867000 JavaThread "Java2D Disposer" daemon [_thread_blocked, id=3044, stack(0x000000005d120000,0x000000005d220000)]
  0x00000000584f5800 JavaThread "Service Thread" daemon [_thread_blocked, id=4648, stack(0x00000000590f0000,0x00000000591f0000)]
  0x0000000058489000 JavaThread "C1 CompilerThread2" daemon [_thread_blocked, id=4524, stack(0x0000000058f70000,0x0000000059070000)]
  0x0000000058488000 JavaThread "C2 CompilerThread1" daemon [_thread_blocked, id=2068, stack(0x0000000058ce0000,0x0000000058de0000)]
  0x0000000058482800 JavaThread "C2 CompilerThread0" daemon [_thread_blocked, id=1680, stack(0x0000000058b30000,0x0000000058c30000)]
  0x0000000056f96000 JavaThread "Attach Listener" daemon [_thread_blocked, id=308, stack(0x0000000058130000,0x0000000058230000)]
  0x0000000056f95000 JavaThread "Signal Dispatcher" daemon [_thread_blocked, id=4048, stack(0x00000000588e0000,0x00000000589e0000)]
  0x0000000056f3c000 JavaThread "Finalizer" daemon [_thread_blocked, id=3316, stack(0x0000000058380000,0x0000000058480000)]
  0x0000000056f35800 JavaThread "Reference Handler" daemon [_thread_blocked, id=2168, stack(0x0000000058270000,0x0000000058370000)]
=>0x0000000001cfe000 JavaThread "main" [_thread_in_native, id=2356, stack(0x0000000002040000,0x0000000002140000)]

Other Threads:
  0x0000000056f30000 VMThread [stack: 0x0000000057fd0000,0x00000000580d0000] [id=2956]
  0x00000000584ff000 WatcherThread [stack: 0x0000000059220000,0x0000000059320000] [id=324]

VM state:not at safepoint (normal execution)

VM Mutex/Monitor currently owned by a thread: None

Heap:
 PSYoungGen      total 38400K, used 24893K [0x00000000d5a00000, 0x00000000d8480000, 0x0000000100000000)
  eden space 33280K, 74% used [0x00000000d5a00000,0x00000000d724f560,0x00000000d7a80000)
  from space 5120K, 0% used [0x00000000d7f80000,0x00000000d7f80000,0x00000000d8480000)
  to   space 5120K, 0% used [0x00000000d7a80000,0x00000000d7a80000,0x00000000d7f80000)
 ParOldGen       total 87552K, used 0K [0x0000000080e00000, 0x0000000086380000, 0x00000000d5a00000)
  object space 87552K, 0% used [0x0000000080e00000,0x0000000080e00000,0x0000000086380000)
 Metaspace       used 9827K, capacity 9980K, committed 10112K, reserved 1058816K
  class space    used 835K, capacity 895K, committed 896K, reserved 1048576K

Card table byte_map: [0x00000000117d0000,0x0000000011bd0000] byte_map_base: 0x00000000113c9000

Marking Bits: (ParMarkBitMap*) 0x0000000060494040
 Begin Bits: [0x0000000012210000, 0x00000000141d8000)
 End Bits:   [0x00000000141d8000, 0x00000000161a0000)

Polling page: 0x0000000000420000

CodeCache: size=245760Kb used=2776Kb max_used=2787Kb free=242983Kb
 bounds [0x0000000002410000, 0x00000000026d0000, 0x0000000011410000]
 total_blobs=1387 nmethods=660 adapters=640
 compilation: enabled

Compilation events (10 events):
Event: 2.353 Thread 0x0000000058488000  656   !   4       java.nio.Bits::reserveMemory (165 bytes)
Event: 2.354 Thread 0x0000000058482800  657       4       java.nio.DirectByteBuffer$Deallocator::<init> (41 bytes)
Event: 2.354 Thread 0x0000000058482800 nmethod 657 0x0000000002671850 code [0x0000000002671980, 0x00000000026719d8]
Event: 2.355 Thread 0x0000000058488000 nmethod 656 0x00000000026c4ed0 code [0x00000000026c5020, 0x00000000026c5318]
Event: 2.396 Thread 0x0000000058482800  658       4       java.nio.DirectByteBuffer::asFloatBuffer (151 bytes)
Event: 2.398 Thread 0x0000000058482800 nmethod 658 0x00000000026c49d0 code [0x00000000026c4b20, 0x00000000026c4c98]
Event: 2.433 Thread 0x0000000058488000  659       4       fi.jmak.math.matrix.Mat4f::rotation (357 bytes)
Event: 2.436 Thread 0x0000000058488000 nmethod 659 0x00000000026c64d0 code [0x00000000026c6660, 0x00000000026c6a38]
Event: 2.501 Thread 0x0000000058482800  660       4       fi.jmak.input.Mouse::tick (99 bytes)
Event: 2.503 Thread 0x0000000058482800 nmethod 660 0x00000000026c7bd0 code [0x00000000026c7d00, 0x00000000026c7ef8]

GC Heap History (0 events):
No events

Deoptimization events (0 events):
No events

Internal exceptions (9 events):
Event: 0.039 Thread 0x0000000001cfe000 Exception <a 'java/lang/NoSuchMethodError': Method sun.misc.Unsafe.defineClass(Ljava/lang/String;[BII)Ljava/lang/Class; name or signature does not match> (0x00000000d5a0d1c0) thrown at [C:\re\workspace\8-2-build-windows-amd64-cygwin\jdk8u45\3457\hotspot\srJl8'¤?
Event: 0.039 Thread 0x0000000001cfe000 Exception <a 'java/lang/NoSuchMethodError': Method sun.misc.Unsafe.prefetchRead(Ljava/lang/Object;J)V name or signature does not match> (0x00000000d5a0d450) thrown at [C:\re\workspace\8-2-build-windows-amd64-cygwin\jdk8u45\3457\hotspot\src\share\vm\prims\jÜÿ6'³éÙ?
Event: 0.405 Thread 0x0000000001cfe000 Exception <a 'java/security/PrivilegedActionException'> (0x00000000d5d877d0) thrown at [C:\re\workspace\8-2-build-windows-amd64-cygwin\jdk8u45\3457\hotspot\src\share\vm\prims\jvm.cpp, line 1382]
Event: 0.405 Thread 0x0000000001cfe000 Exception <a 'java/security/PrivilegedActionException'> (0x00000000d5d87b18) thrown at [C:\re\workspace\8-2-build-windows-amd64-cygwin\jdk8u45\3457\hotspot\src\share\vm\prims\jvm.cpp, line 1382]
Event: 0.405 Thread 0x0000000001cfe000 Exception <a 'java/security/PrivilegedActionException'> (0x00000000d5d8bbd0) thrown at [C:\re\workspace\8-2-build-windows-amd64-cygwin\jdk8u45\3457\hotspot\src\share\vm\prims\jvm.cpp, line 1382]
Event: 0.405 Thread 0x0000000001cfe000 Exception <a 'java/security/PrivilegedActionException'> (0x00000000d5d8bf18) thrown at [C:\re\workspace\8-2-build-windows-amd64-cygwin\jdk8u45\3457\hotspot\src\share\vm\prims\jvm.cpp, line 1382]
Event: 0.634 Thread 0x0000000001cfe000 Exception <a 'java/io/FileNotFoundException'> (0x00000000d67233d8) thrown at [C:\re\workspace\8-2-build-windows-amd64-cygwin\jdk8u45\3457\hotspot\src\share\vm\prims\jni.cpp, line 709]
Event: 0.683 Thread 0x0000000001cfe000 Exception <a 'java/lang/NoSuchFieldError': method resolution failed> (0x00000000d6808538) thrown at [C:\re\workspace\8-2-build-windows-amd64-cygwin\jdk8u45\3457\hotspot\src\share\vm\prims\methodHandles.cpp, line 1125]
Event: 0.685 Thread 0x0000000001cfe000 Exception <a 'java/lang/NoSuchFieldError': method resolution failed> (0x00000000d6816e98) thrown at [C:\re\workspace\8-2-build-windows-amd64-cygwin\jdk8u45\3457\hotspot\src\share\vm\prims\methodHandles.cpp, line 1125]

Events (10 events):
Event: 0.796 loading class org/lwjgl/opengl/GLChecks done
Event: 0.796 loading class fi/jmak/math/matrix/Mat4f
Event: 0.796 loading class fi/jmak/math/matrix/Mat4f done
Event: 0.946 Thread 0x0000000001cfe000 DEOPT PACKING pc=0x0000000002685c9a sp=0x000000000213f530
Event: 0.946 Thread 0x0000000001cfe000 DEOPT UNPACKING pc=0x000000000245787f sp=0x000000000213f248 mode 0
Event: 1.710 loading class sun/awt/AppContext$PostShutdownEventRunnable
Event: 1.710 loading class sun/awt/AppContext$PostShutdownEventRunnable done
Event: 1.710 loading class sun/awt/AWTAutoShutdown$1
Event: 1.710 loading class sun/awt/AWTAutoShutdown$1 done
Event: 1.711 Thread 0x000000005c867800 Thread exited: 0x000000005c867800


Dynamic libraries:
0x000000013fa40000 - 0x000000013fa77000 	C:\Program Files\Java\jdk1.8.0_45\bin\javaw.exe
0x0000000077640000 - 0x00000000777e9000 	C:\Windows\SYSTEM32\ntdll.dll
0x0000000077520000 - 0x0000000077640000 	C:\Windows\system32\kernel32.dll
0x000007fefd670000 - 0x000007fefd6dc000 	C:\Windows\system32\KERNELBASE.dll
0x000007fefe080000 - 0x000007fefe15b000 	C:\Windows\system32\ADVAPI32.dll
0x000007fefd7a0000 - 0x000007fefd83f000 	C:\Windows\system32\msvcrt.dll
0x000007fefdc80000 - 0x000007fefdc9f000 	C:\Windows\SYSTEM32\sechost.dll
0x000007feff820000 - 0x000007feff94d000 	C:\Windows\system32\RPCRT4.dll
0x0000000077420000 - 0x000000007751a000 	C:\Windows\system32\USER32.dll
0x000007fefe600000 - 0x000007fefe667000 	C:\Windows\system32\GDI32.dll
0x000007fefe4f0000 - 0x000007fefe4fe000 	C:\Windows\system32\LPK.dll
0x000007fefdca0000 - 0x000007fefdd6a000 	C:\Windows\system32\USP10.dll
0x000007fefb970000 - 0x000007fefbb64000 	C:\Windows\WinSxS\amd64_microsoft.windows.common-controls_6595b64144ccf1df_6.0.7601.18837_none_fa3b1e3d17594757\COMCTL32.dll
0x000007fefe670000 - 0x000007fefe6e1000 	C:\Windows\system32\SHLWAPI.dll
0x000007feff710000 - 0x000007feff73e000 	C:\Windows\system32\IMM32.DLL
0x000007fefd850000 - 0x000007fefd959000 	C:\Windows\system32\MSCTF.dll
0x0000000069a90000 - 0x0000000069b62000 	C:\Program Files\Java\jdk1.8.0_45\jre\bin\msvcr100.dll
0x000000005fc90000 - 0x0000000060513000 	C:\Program Files\Java\jdk1.8.0_45\jre\bin\server\jvm.dll
0x000007fef7030000 - 0x000007fef7039000 	C:\Windows\system32\WSOCK32.dll
0x000007fefd960000 - 0x000007fefd9ad000 	C:\Windows\system32\WS2_32.dll
0x000007fefd840000 - 0x000007fefd848000 	C:\Windows\system32\NSI.dll
0x000007fefafa0000 - 0x000007fefafdb000 	C:\Windows\system32\WINMM.dll
0x000007fefc480000 - 0x000007fefc48c000 	C:\Windows\system32\VERSION.dll
0x0000000077800000 - 0x0000000077807000 	C:\Windows\system32\PSAPI.DLL
0x000000006cb60000 - 0x000000006cb6f000 	C:\Program Files\Java\jdk1.8.0_45\jre\bin\verify.dll
0x000000006bb50000 - 0x000000006bb79000 	C:\Program Files\Java\jdk1.8.0_45\jre\bin\java.dll
0x000000006be10000 - 0x000000006be26000 	C:\Program Files\Java\jdk1.8.0_45\jre\bin\zip.dll
0x000007fefe6f0000 - 0x000007feff479000 	C:\Windows\system32\SHELL32.dll
0x000007feff500000 - 0x000007feff703000 	C:\Windows\system32\ole32.dll
0x000007fefd3f0000 - 0x000007fefd3ff000 	C:\Windows\system32\profapi.dll
0x000007fee0f50000 - 0x000007fee0fd8000 	C:\Users\Joona\workspace\GLWindow\lwjgl\native\lwjgl.dll
0x000007fee1290000 - 0x000007fee12d2000 	C:\Users\Joona\workspace\GLWindow\lwjgl\native\jemalloc.dll
0x000007fef7f20000 - 0x000007fef7f58000 	C:\Users\Joona\workspace\GLWindow\lwjgl\native\glfw.dll
0x000007fefc1e0000 - 0x000007fefc236000 	C:\Windows\system32\uxtheme.dll
0x000007fefb5a0000 - 0x000007fefb5b8000 	C:\Windows\system32\dwmapi.dll
0x000007fedf000000 - 0x000007fedf11d000 	C:\Windows\system32\opengl32.dll
0x000007fef7ef0000 - 0x000007fef7f1d000 	C:\Windows\system32\GLU32.dll
0x000007fedf140000 - 0x000007fedf231000 	C:\Windows\system32\DDRAW.dll
0x000007fef7d90000 - 0x000007fef7d98000 	C:\Windows\system32\DCIMAN32.dll
0x000007fefe180000 - 0x000007fefe357000 	C:\Windows\system32\SETUPAPI.dll
0x000007fefd480000 - 0x000007fefd4b6000 	C:\Windows\system32\CFGMGR32.dll
0x000007feff740000 - 0x000007feff817000 	C:\Windows\system32\OLEAUT32.dll
0x000007fefd410000 - 0x000007fefd42a000 	C:\Windows\system32\DEVOBJ.dll
0x000007fef4980000 - 0x000007fef4998000 	C:\Windows\system32\atig6pxx.dll
0x000000005e360000 - 0x000000005fc81000 	C:\Windows\system32\atio6axx.dll
0x000007fef79d0000 - 0x000007fef7af4000 	C:\Windows\system32\atiadlxx.dll
0x000007fefbfa0000 - 0x000007fefc0cc000 	C:\Windows\system32\PROPSYS.dll
0x000007fefd460000 - 0x000007fefd47e000 	C:\Windows\system32\USERENV.dll
0x000007fefc580000 - 0x000007fefc591000 	C:\Windows\system32\WTSAPI32.dll
0x000007fef9ee0000 - 0x000007fef9f07000 	C:\Windows\system32\IPHLPAPI.DLL
0x000007fef9ed0000 - 0x000007fef9edb000 	C:\Windows\system32\WINNSI.DLL
0x000007fefd630000 - 0x000007fefd66b000 	C:\Windows\system32\WINTRUST.dll
0x000007fefd4c0000 - 0x000007fefd62d000 	C:\Windows\system32\CRYPT32.dll
0x000007fefd3e0000 - 0x000007fefd3ef000 	C:\Windows\system32\MSASN1.dll
0x000007fee6db0000 - 0x000007fee6eed000 	C:\Windows\system32\aticfx64.dll
0x000007fef23b0000 - 0x000007fef23ce000 	C:\Windows\system32\atig6txx.dll
0x000007fefd280000 - 0x000007fefd28f000 	C:\Windows\system32\CRYPTBASE.dll
0x0000000060c10000 - 0x0000000060da8000 	C:\Program Files\Java\jdk1.8.0_45\jre\bin\awt.dll
0x000007fefa8f0000 - 0x000007fefaa15000 	C:\Windows\system32\dbghelp.dll

VM Arguments:
jvm_args: -Djava.library.path=C:\Users\Joona\workspace\GLWindow\lwjgl\native;C:\Users\Joona\workspace\GLWindow\lwjgl\native;C:\Users\Joona\workspace\GLWindow\lwjgl\native;C:\Users\Joona\workspace\GLWindow\lwjgl\native -Dfile.encoding=Cp1252 
java_command: fi.jmak.project.main.Main
java_class_path (initial): C:\Users\Joona\workspace\GLProject\bin;C:\Users\Joona\workspace\GLWindow\bin;C:\Users\Joona\workspace\GLWindow\lwjgl\jar\lwjgl.jar;C:\Users\Joona\workspace\GLUtils\bin;C:\Users\Joona\workspace\GLMath\bin;C:\Users\Joona\workspace\GLInput\bin
Launcher Type: SUN_STANDARD

Environment Variables:
PATH=C:/Program Files/Java/jre1.8.0_66/bin/server;C:/Program Files/Java/jre1.8.0_66/bin;C:/Program Files/Java/jre1.8.0_66/lib/amd64;C:\ProgramData\Oracle\Java\javapath;C:\Windows\system32;C:\Windows;C:\Windows\System32\Wbem;C:\Windows\System32\WindowsPowerShell\v1.0\;C:\Program Files (x86)\ATI Technologies\ATI.ACE\Core-Static;C:\Program Files\Java\jdk1.8.0_45\bin;;C:\Joona\leJOS EV3\bin;C:\Program Files (x86)\Skype\Phone\;C:\Joona\eclipse;
USERNAME=Joona
OS=Windows_NT
PROCESSOR_IDENTIFIER=Intel64 Family 6 Model 42 Stepping 7, GenuineIntel



---------------  S Y S T E M  ---------------

OS: Windows 7 , 64 bit Build 7601 (6.1.7601.19045)

CPU:total 4 (2 cores per cpu, 2 threads per core) family 6 model 42 stepping 7, cmov, cx8, fxsr, mmx, sse, sse2, sse3, ssse3, sse4.1, sse4.2, popcnt, avx, aes, clmul, ht, tsc, tscinvbit

Memory: 4k page, physical 8331092k(4626100k free), swap 16660348k(11842392k free)

vm_info: Java HotSpot(TM) 64-Bit Server VM (25.45-b02) for windows-amd64 JRE (1.8.0_45-b14), built on Apr 10 2015 10:34:15 by "java_re" with MS VC++ 10.0 (VS2010)

time: Tue Dec 15 00:25:22 2015
elapsed time: 2 seconds (0d 0h 0m 2s)

