#
# A fatal error has been detected by the Java Runtime Environment:
#
#  EXCEPTION_ACCESS_VIOLATION (0xc0000005) at pc=0x000007fef7f266ba, pid=1756, tid=4656
#
# JRE version: Java(TM) SE Runtime Environment (8.0_45-b14) (build 1.8.0_45-b14)
# Java VM: Java HotSpot(TM) 64-Bit Server VM (25.45-b02 mixed mode windows-amd64 compressed oops)
# Problematic frame:
# C  [glfw.dll+0x66ba]
#
# Failed to write core dump. Minidumps are not enabled by default on client versions of Windows
#
# If you would like to submit a bug report, please visit:
#   http://bugreport.java.com/bugreport/crash.jsp
# The crash happened outside the Java Virtual Machine in native code.
# See problematic frame for where to report the bug.
#

---------------  T H R E A D  ---------------

Current thread (0x0000000001e7e000):  JavaThread "main" [_thread_in_native, id=4656, stack(0x00000000020a0000,0x00000000021a0000)]

siginfo: ExceptionCode=0xc0000005, reading address 0x000000000003400b

Registers:
RAX=0x0000000000d605d8, RBX=0x00000000003e8080, RCX=0x0000000077448bca, RDX=0x0000000000000000
RSP=0x000000000219ebc0, RBP=0x000000000219ecb8, RSI=0x0000000000034003, RDI=0x0000000000034003
R8 =0x000000000219ebb8, R9 =0x000000000219ecb8, R10=0x0000000000000000, R11=0x0000000000000202
R12=0x0000000000000000, R13=0x0000000056dd51f8, R14=0x000000000219ed00, R15=0x0000000001e7e000
RIP=0x000007fef7f266ba, EFLAGS=0x0000000000010206

Top of Stack: (sp=0x000000000219ebc0)
0x000000000219ebc0:   0000000056dd51f8 0000000001e7e000
0x000000000219ebd0:   0000000056dd51f8 0000000001e7e000
0x000000000219ebe0:   00000000003e8080 000007fef7f22924
0x000000000219ebf0:   000001d600000263 0000000000034003
0x000000000219ec00:   0000000056dd51f8 0000000000034003
0x000000000219ec10:   000000000000032a 0000000002485e14
0x000000000219ec20:   0000000056dd51f8 000000000219ecb8
0x000000000219ec30:   0000000000034003 000000000000032a
0x000000000219ec40:   0000000000034003 0000000002485b8b
0x000000000219ec50:   0000000001e7e000 0000000056dd51f8
0x000000000219ec60:   0000000000034003 000000005fb26dc0
0x000000000219ec70:   0000000002485b42 000000000219ec78
0x000000000219ec80:   0000000056dd51f8 000000000219ed00
0x000000000219ec90:   0000000056dd54c0 0000000000000000
0x000000000219eca0:   0000000056dd51f8 0000000000000000
0x000000000219ecb0:   000000000219ed10 000000000219f020 

Instructions: (pc=0x000007fef7f266ba)
0x000007fef7f2669a:   8c 01 00 85 c0 74 44 48 8b 4c 24 30 ff 15 5c 8c
0x000007fef7f266aa:   01 00 48 3b 83 a8 02 00 00 75 30 48 85 ff 74 15
0x000007fef7f266ba:   48 8b 4f 08 ff 15 6c 8c 01 00 48 8b 5c 24 38 48
0x000007fef7f266ca:   83 c4 20 5f c3 ba 00 7f 00 00 33 c9 ff 15 0c 8c 


Register to memory mapping:

RAX=0x0000000000d605d8 is an unknown value
RBX=0x00000000003e8080 is an unknown value
RCX=0x0000000077448bca is an unknown value
RDX=0x0000000000000000 is an unknown value
RSP=0x000000000219ebc0 is pointing into the stack for thread: 0x0000000001e7e000
RBP=0x000000000219ecb8 is pointing into the stack for thread: 0x0000000001e7e000
RSI=0x0000000000034003 is an unknown value
RDI=0x0000000000034003 is an unknown value
R8 =0x000000000219ebb8 is pointing into the stack for thread: 0x0000000001e7e000
R9 =0x000000000219ecb8 is pointing into the stack for thread: 0x0000000001e7e000
R10=0x0000000000000000 is an unknown value
R11=0x0000000000000202 is an unknown value
R12=0x0000000000000000 is an unknown value
R13={method} {0x0000000056dd5200} 'invokePPV' '(JJJ)V' in 'org/lwjgl/system/JNI'
R14=0x000000000219ed00 is pointing into the stack for thread: 0x0000000001e7e000
R15=0x0000000001e7e000 is a thread


Stack: [0x00000000020a0000,0x00000000021a0000],  sp=0x000000000219ebc0,  free space=1018k
Native frames: (J=compiled Java code, j=interpreted, Vv=VM code, C=native code)
C  [glfw.dll+0x66ba]
C  [glfw.dll+0x2924]
C  0x0000000002485e14

Java frames: (J=compiled Java code, j=interpreted, Vv=VM code)
j  org.lwjgl.system.JNI.invokePPV(JJJ)V+0
J 597 C1 fi.jmak.project.main.GameCam.tick(Lfi/jmak/input/Keyboard;Lfi/jmak/input/Mouse;F)V (394 bytes) @ 0x00000000026f825c [0x00000000026f3ea0+0x43bc]
J 596 C1 fi.jmak.project.main.Main.tick(F)V (61 bytes) @ 0x00000000026eb0bc [0x00000000026eb000+0xbc]
j  fi.jmak.window.GLWindow.loop()V+51
j  fi.jmak.window.GLWindow.init()V+107
j  fi.jmak.window.GLWindow.init(Lfi/jmak/window/GLRender;Lfi/jmak/window/WindowHints;)V+11
j  fi.jmak.project.main.Main.<init>()V+38
j  fi.jmak.project.main.Main.main([Ljava/lang/String;)V+3
v  ~StubRoutines::call_stub

---------------  P R O C E S S  ---------------

Java Threads: ( => current thread )
  0x000000005c936000 JavaThread "AWT-Windows" daemon [_thread_in_native, id=2280, stack(0x000000005d410000,0x000000005d510000)]
  0x000000005c935000 JavaThread "AWT-Shutdown" [_thread_blocked, id=1528, stack(0x000000005d120000,0x000000005d220000)]
  0x000000005c934800 JavaThread "Java2D Disposer" daemon [_thread_blocked, id=4772, stack(0x000000005c560000,0x000000005c660000)]
  0x0000000058c43000 JavaThread "Service Thread" daemon [_thread_blocked, id=2956, stack(0x0000000059110000,0x0000000059210000)]
  0x0000000058bd0800 JavaThread "C1 CompilerThread2" daemon [_thread_blocked, id=172, stack(0x0000000058150000,0x0000000058250000)]
  0x0000000057369000 JavaThread "C2 CompilerThread1" daemon [_thread_blocked, id=3448, stack(0x0000000058ad0000,0x0000000058bd0000)]
  0x0000000057363000 JavaThread "C2 CompilerThread0" daemon [_thread_blocked, id=308, stack(0x00000000588d0000,0x00000000589d0000)]
  0x000000005735f000 JavaThread "Attach Listener" daemon [_thread_blocked, id=2720, stack(0x00000000585d0000,0x00000000586d0000)]
  0x000000005736e800 JavaThread "Signal Dispatcher" daemon [_thread_blocked, id=1176, stack(0x00000000586e0000,0x00000000587e0000)]
  0x0000000057308800 JavaThread "Finalizer" daemon [_thread_blocked, id=4700, stack(0x00000000583a0000,0x00000000584a0000)]
  0x0000000057301800 JavaThread "Reference Handler" daemon [_thread_blocked, id=2984, stack(0x00000000584c0000,0x00000000585c0000)]
=>0x0000000001e7e000 JavaThread "main" [_thread_in_native, id=4656, stack(0x00000000020a0000,0x00000000021a0000)]

Other Threads:
  0x00000000572fc000 VMThread [stack: 0x0000000058280000,0x0000000058380000] [id=2468]
  0x0000000058c45000 WatcherThread [stack: 0x0000000059000000,0x0000000059100000] [id=3116]

VM state:not at safepoint (normal execution)

VM Mutex/Monitor currently owned by a thread: None

Heap:
 PSYoungGen      total 38400K, used 17571K [0x00000000d5a00000, 0x00000000d8480000, 0x0000000100000000)
  eden space 33280K, 52% used [0x00000000d5a00000,0x00000000d6b28da0,0x00000000d7a80000)
  from space 5120K, 0% used [0x00000000d7f80000,0x00000000d7f80000,0x00000000d8480000)
  to   space 5120K, 0% used [0x00000000d7a80000,0x00000000d7a80000,0x00000000d7f80000)
 ParOldGen       total 87552K, used 0K [0x0000000080e00000, 0x0000000086380000, 0x00000000d5a00000)
  object space 87552K, 0% used [0x0000000080e00000,0x0000000080e00000,0x0000000086380000)
 Metaspace       used 9812K, capacity 9980K, committed 10112K, reserved 1058816K
  class space    used 833K, capacity 895K, committed 896K, reserved 1048576K

Card table byte_map: [0x0000000011830000,0x0000000011c30000] byte_map_base: 0x0000000011429000

Marking Bits: (ParMarkBitMap*) 0x0000000060494040
 Begin Bits: [0x00000000125e0000, 0x00000000145a8000)
 End Bits:   [0x00000000145a8000, 0x0000000016570000)

Polling page: 0x0000000000330000

CodeCache: size=245760Kb used=2683Kb max_used=2697Kb free=243076Kb
 bounds [0x0000000002470000, 0x0000000002720000, 0x0000000011470000]
 total_blobs=1348 nmethods=621 adapters=640
 compilation: enabled

Compilation events (10 events):
Event: 1.063 Thread 0x0000000058bd0800 nmethod 617 0x000000000270b990 code [0x000000000270bb60, 0x000000000270c1d8]
Event: 1.063 Thread 0x0000000058bd0800  618       3       fi.jmak.math.matrix.Mat4f::perspective (188 bytes)
Event: 1.063 Thread 0x0000000058bd0800 nmethod 618 0x000000000270c550 code [0x000000000270c760, 0x000000000270cfb0]
Event: 1.063 Thread 0x0000000058bd0800  619       3       fi.jmak.math.vector.Vec3f::normalize (36 bytes)
Event: 1.064 Thread 0x0000000058bd0800 nmethod 619 0x00000000026ff190 code [0x00000000026ff300, 0x00000000026ff530]
Event: 1.064 Thread 0x0000000058bd0800  620       3       fi.jmak.math.vector.Vec3f::length (35 bytes)
Event: 1.064 Thread 0x0000000058bd0800 nmethod 620 0x00000000026fee10 code [0x00000000026fef60, 0x00000000026ff0f0]
Event: 1.064 Thread 0x0000000058bd0800  621       3       fi.jmak.project.transformation.Transform::<init> (77 bytes)
Event: 1.065 Thread 0x0000000058bd0800 nmethod 621 0x000000000270d550 code [0x000000000270d740, 0x000000000270e110]
Event: 1.068 Thread 0x0000000057363000 nmethod 612 0x0000000002711ed0 code [0x00000000027120e0, 0x0000000002712da0]

GC Heap History (0 events):
No events

Deoptimization events (1 events):
Event: 0.367 Thread 0x0000000001e7e000 Uncommon trap: reason=unstable_if action=reinterpret pc=0x00000000025b2484 method=java.lang.String.indexOf(II)I @ 49

Internal exceptions (9 events):
Event: 0.035 Thread 0x0000000001e7e000 Exception <a 'java/lang/NoSuchMethodError': Method sun.misc.Unsafe.defineClass(Ljava/lang/String;[BII)Ljava/lang/Class; name or signature does not match> (0x00000000d5a0d1c0) thrown at [C:\re\workspace\8-2-build-windows-amd64-cygwin\jdk8u45\3457\hotspot\sr11ï	J¢?
Event: 0.035 Thread 0x0000000001e7e000 Exception <a 'java/lang/NoSuchMethodError': Method sun.misc.Unsafe.prefetchRead(Ljava/lang/Object;J)V name or signature does not match> (0x00000000d5a0d450) thrown at [C:\re\workspace\8-2-build-windows-amd64-cygwin\jdk8u45\3457\hotspot\src\share\vm\prims\j^=™EÛ×?
Event: 0.373 Thread 0x0000000001e7e000 Exception <a 'java/security/PrivilegedActionException'> (0x00000000d5d877d0) thrown at [C:\re\workspace\8-2-build-windows-amd64-cygwin\jdk8u45\3457\hotspot\src\share\vm\prims\jvm.cpp, line 1382]
Event: 0.373 Thread 0x0000000001e7e000 Exception <a 'java/security/PrivilegedActionException'> (0x00000000d5d87b18) thrown at [C:\re\workspace\8-2-build-windows-amd64-cygwin\jdk8u45\3457\hotspot\src\share\vm\prims\jvm.cpp, line 1382]
Event: 0.373 Thread 0x0000000001e7e000 Exception <a 'java/security/PrivilegedActionException'> (0x00000000d5d8bbd0) thrown at [C:\re\workspace\8-2-build-windows-amd64-cygwin\jdk8u45\3457\hotspot\src\share\vm\prims\jvm.cpp, line 1382]
Event: 0.373 Thread 0x0000000001e7e000 Exception <a 'java/security/PrivilegedActionException'> (0x00000000d5d8bf18) thrown at [C:\re\workspace\8-2-build-windows-amd64-cygwin\jdk8u45\3457\hotspot\src\share\vm\prims\jvm.cpp, line 1382]
Event: 0.620 Thread 0x0000000001e7e000 Exception <a 'java/io/FileNotFoundException'> (0x00000000d67234a0) thrown at [C:\re\workspace\8-2-build-windows-amd64-cygwin\jdk8u45\3457\hotspot\src\share\vm\prims\jni.cpp, line 709]
Event: 0.674 Thread 0x0000000001e7e000 Exception <a 'java/lang/NoSuchFieldError': method resolution failed> (0x00000000d6808538) thrown at [C:\re\workspace\8-2-build-windows-amd64-cygwin\jdk8u45\3457\hotspot\src\share\vm\prims\methodHandles.cpp, line 1125]
Event: 0.677 Thread 0x0000000001e7e000 Exception <a 'java/lang/NoSuchFieldError': method resolution failed> (0x00000000d6816e98) thrown at [C:\re\workspace\8-2-build-windows-amd64-cygwin\jdk8u45\3457\hotspot\src\share\vm\prims\methodHandles.cpp, line 1125]

Events (10 events):
Event: 0.789 loading class fi/jmak/glObjects/VertexBufferObject
Event: 0.789 loading class fi/jmak/glObjects/VertexBufferObject done
Event: 0.789 loading class fi/jmak/flippedBuffer/FlippedBuffer
Event: 0.789 loading class fi/jmak/flippedBuffer/FlippedBuffer done
Event: 0.790 loading class org/lwjgl/opengl/GLChecks
Event: 0.790 loading class org/lwjgl/opengl/GLChecks done
Event: 0.791 loading class fi/jmak/math/matrix/Mat4f
Event: 0.791 loading class fi/jmak/math/matrix/Mat4f done
Event: 0.948 Thread 0x0000000001e7e000 DEOPT PACKING pc=0x00000000026dd51a sp=0x000000000219ef30
Event: 0.948 Thread 0x0000000001e7e000 DEOPT UNPACKING pc=0x00000000024b787f sp=0x000000000219ec48 mode 0


Dynamic libraries:
0x000000013f180000 - 0x000000013f1b7000 	C:\Program Files\Java\jdk1.8.0_45\bin\javaw.exe
0x0000000077640000 - 0x00000000777e9000 	C:\Windows\SYSTEM32\ntdll.dll
0x0000000077520000 - 0x0000000077640000 	C:\Windows\system32\kernel32.dll
0x000007fefd670000 - 0x000007fefd6dc000 	C:\Windows\system32\KERNELBASE.dll
0x000007fefe080000 - 0x000007fefe15b000 	C:\Windows\system32\ADVAPI32.dll
0x000007fefd7a0000 - 0x000007fefd83f000 	C:\Windows\system32\msvcrt.dll
0x000007fefdc80000 - 0x000007fefdc9f000 	C:\Windows\SYSTEM32\sechost.dll
0x000007feff820000 - 0x000007feff94d000 	C:\Windows\system32\RPCRT4.dll
0x0000000077420000 - 0x000000007751a000 	C:\Windows\system32\USER32.dll
0x000007fefe600000 - 0x000007fefe667000 	C:\Windows\system32\GDI32.dll
0x000007fefe4f0000 - 0x000007fefe4fe000 	C:\Windows\system32\LPK.dll
0x000007fefdca0000 - 0x000007fefdd6a000 	C:\Windows\system32\USP10.dll
0x000007fefb970000 - 0x000007fefbb64000 	C:\Windows\WinSxS\amd64_microsoft.windows.common-controls_6595b64144ccf1df_6.0.7601.18837_none_fa3b1e3d17594757\COMCTL32.dll
0x000007fefe670000 - 0x000007fefe6e1000 	C:\Windows\system32\SHLWAPI.dll
0x000007feff710000 - 0x000007feff73e000 	C:\Windows\system32\IMM32.DLL
0x000007fefd850000 - 0x000007fefd959000 	C:\Windows\system32\MSCTF.dll
0x0000000069a90000 - 0x0000000069b62000 	C:\Program Files\Java\jdk1.8.0_45\jre\bin\msvcr100.dll
0x000000005fc90000 - 0x0000000060513000 	C:\Program Files\Java\jdk1.8.0_45\jre\bin\server\jvm.dll
0x000007fef7030000 - 0x000007fef7039000 	C:\Windows\system32\WSOCK32.dll
0x000007fefd960000 - 0x000007fefd9ad000 	C:\Windows\system32\WS2_32.dll
0x000007fefd840000 - 0x000007fefd848000 	C:\Windows\system32\NSI.dll
0x000007fefafa0000 - 0x000007fefafdb000 	C:\Windows\system32\WINMM.dll
0x000007fefc480000 - 0x000007fefc48c000 	C:\Windows\system32\VERSION.dll
0x0000000077800000 - 0x0000000077807000 	C:\Windows\system32\PSAPI.DLL
0x000000006cb60000 - 0x000000006cb6f000 	C:\Program Files\Java\jdk1.8.0_45\jre\bin\verify.dll
0x000000006bb50000 - 0x000000006bb79000 	C:\Program Files\Java\jdk1.8.0_45\jre\bin\java.dll
0x000000006be10000 - 0x000000006be26000 	C:\Program Files\Java\jdk1.8.0_45\jre\bin\zip.dll
0x000007fefe6f0000 - 0x000007feff479000 	C:\Windows\system32\SHELL32.dll
0x000007feff500000 - 0x000007feff703000 	C:\Windows\system32\ole32.dll
0x000007fefd3f0000 - 0x000007fefd3ff000 	C:\Windows\system32\profapi.dll
0x000007fee1ab0000 - 0x000007fee1b38000 	C:\Users\Joona\workspace\GLWindow\lwjgl\native\lwjgl.dll
0x000007fee1b80000 - 0x000007fee1bc2000 	C:\Users\Joona\workspace\GLWindow\lwjgl\native\jemalloc.dll
0x000007fef7f20000 - 0x000007fef7f58000 	C:\Users\Joona\workspace\GLWindow\lwjgl\native\glfw.dll
0x000007fefc1e0000 - 0x000007fefc236000 	C:\Windows\system32\uxtheme.dll
0x000007fefb5a0000 - 0x000007fefb5b8000 	C:\Windows\system32\dwmapi.dll
0x000007fee0f50000 - 0x000007fee106d000 	C:\Windows\system32\opengl32.dll
0x000007fef7ef0000 - 0x000007fef7f1d000 	C:\Windows\system32\GLU32.dll
0x000007fedef40000 - 0x000007fedf031000 	C:\Windows\system32\DDRAW.dll
0x000007fef7d90000 - 0x000007fef7d98000 	C:\Windows\system32\DCIMAN32.dll
0x000007fefe180000 - 0x000007fefe357000 	C:\Windows\system32\SETUPAPI.dll
0x000007fefd480000 - 0x000007fefd4b6000 	C:\Windows\system32\CFGMGR32.dll
0x000007feff740000 - 0x000007feff817000 	C:\Windows\system32\OLEAUT32.dll
0x000007fefd410000 - 0x000007fefd42a000 	C:\Windows\system32\DEVOBJ.dll
0x000007fef4980000 - 0x000007fef4998000 	C:\Windows\system32\atig6pxx.dll
0x000000005e360000 - 0x000000005fc81000 	C:\Windows\system32\atio6axx.dll
0x000007fef79d0000 - 0x000007fef7af4000 	C:\Windows\system32\atiadlxx.dll
0x000007fefbfa0000 - 0x000007fefc0cc000 	C:\Windows\system32\PROPSYS.dll
0x000007fefd460000 - 0x000007fefd47e000 	C:\Windows\system32\USERENV.dll
0x000007fefc580000 - 0x000007fefc591000 	C:\Windows\system32\WTSAPI32.dll
0x000007fef9ee0000 - 0x000007fef9f07000 	C:\Windows\system32\IPHLPAPI.DLL
0x000007fef9ed0000 - 0x000007fef9edb000 	C:\Windows\system32\WINNSI.DLL
0x000007fefd630000 - 0x000007fefd66b000 	C:\Windows\system32\WINTRUST.dll
0x000007fefd4c0000 - 0x000007fefd62d000 	C:\Windows\system32\CRYPT32.dll
0x000007fefd3e0000 - 0x000007fefd3ef000 	C:\Windows\system32\MSASN1.dll
0x000007fee6db0000 - 0x000007fee6eed000 	C:\Windows\system32\aticfx64.dll
0x000007fef38a0000 - 0x000007fef38be000 	C:\Windows\system32\atig6txx.dll
0x000007fefd280000 - 0x000007fefd28f000 	C:\Windows\system32\CRYPTBASE.dll
0x0000000060c10000 - 0x0000000060da8000 	C:\Program Files\Java\jdk1.8.0_45\jre\bin\awt.dll
0x000007fefa8f0000 - 0x000007fefaa15000 	C:\Windows\system32\dbghelp.dll

VM Arguments:
jvm_args: -Djava.library.path=C:\Users\Joona\workspace\GLWindow\lwjgl\native;C:\Users\Joona\workspace\GLWindow\lwjgl\native;C:\Users\Joona\workspace\GLWindow\lwjgl\native;C:\Users\Joona\workspace\GLWindow\lwjgl\native -Dfile.encoding=Cp1252 
java_command: fi.jmak.project.main.Main
java_class_path (initial): C:\Users\Joona\workspace\GLProject\bin;C:\Users\Joona\workspace\GLWindow\bin;C:\Users\Joona\workspace\GLWindow\lwjgl\jar\lwjgl.jar;C:\Users\Joona\workspace\GLUtils\bin;C:\Users\Joona\workspace\GLMath\bin;C:\Users\Joona\workspace\GLInput\bin
Launcher Type: SUN_STANDARD

Environment Variables:
PATH=C:/Program Files/Java/jre1.8.0_66/bin/server;C:/Program Files/Java/jre1.8.0_66/bin;C:/Program Files/Java/jre1.8.0_66/lib/amd64;C:\ProgramData\Oracle\Java\javapath;C:\Windows\system32;C:\Windows;C:\Windows\System32\Wbem;C:\Windows\System32\WindowsPowerShell\v1.0\;C:\Program Files (x86)\ATI Technologies\ATI.ACE\Core-Static;C:\Program Files\Java\jdk1.8.0_45\bin;;C:\Joona\leJOS EV3\bin;C:\Program Files (x86)\Skype\Phone\;C:\Joona\eclipse;
USERNAME=Joona
OS=Windows_NT
PROCESSOR_IDENTIFIER=Intel64 Family 6 Model 42 Stepping 7, GenuineIntel



---------------  S Y S T E M  ---------------

OS: Windows 7 , 64 bit Build 7601 (6.1.7601.19045)

CPU:total 4 (2 cores per cpu, 2 threads per core) family 6 model 42 stepping 7, cmov, cx8, fxsr, mmx, sse, sse2, sse3, ssse3, sse4.1, sse4.2, popcnt, avx, aes, clmul, ht, tsc, tscinvbit

Memory: 4k page, physical 8331092k(4806996k free), swap 16660348k(12121604k free)

vm_info: Java HotSpot(TM) 64-Bit Server VM (25.45-b02) for windows-amd64 JRE (1.8.0_45-b14), built on Apr 10 2015 10:34:15 by "java_re" with MS VC++ 10.0 (VS2010)

time: Tue Dec 15 00:21:13 2015
elapsed time: 1 seconds (0d 0h 0m 1s)

